<?xml version="1.0" encoding="UTF-8"?>
<!-- Generated by org.testng.reporters.JUnitReportReporter -->
<testsuite skipped="0" hostname="BDC8-DX-4TFRX52" name="Class" tests="1" failures="0" timestamp="17 Jul 2018 06:59:10 GMT" time="19.465" errors="0">
  <testcase name="newtest" time="19.465" classname="Class"/>
</testsuite> <!-- Class -->
